INFO: [VRFC 10-2263] Analyzing Verilog file "D:/codehub/VIVADO/VGA_RAM_try2/VGA_RAM_try1.srcs/sources_1/new/CCodeToOCode.v" into library xil_defaultlib
INFO: [VRFC 10-311] analyzing module CCodeToOCode
INFO: [VRFC 10-311] analyzing module OCodeToCCode
INFO: [VRFC 10-2263] Analyzing Verilog file "D:/codehub/VIVADO/VGA_RAM_try2/VGA_RAM_try1.srcs/sources_1/new/add_32bit_SFIX.v" into library xil_defaultlib
INFO: [VRFC 10-311] analyzing module add_32bit_SFIX
INFO: [VRFC 10-2263] Analyzing Verilog file "D:/codehub/VIVADO/VGA_RAM_try2/VGA_RAM_try1.srcs/sources_1/new/cos_32bit_SFIX.v" into library xil_defaultlib
INFO: [VRFC 10-311] analyzing module cos_32bit_SFIX
INFO: [VRFC 10-2263] Analyzing Verilog file "D:/codehub/VIVADO/VGA_RAM_try2/VGA_RAM_try1.srcs/sources_1/new/div_32bit_SFIX.v" into library xil_defaultlib
INFO: [VRFC 10-311] analyzing module div_32bit_SFIX
INFO: [VRFC 10-2263] Analyzing Verilog file "D:/codehub/VIVADO/VGA_RAM_try2/VGA_RAM_try1.srcs/sources_1/new/fix_to_float_32bit.v" into library xil_defaultlib
INFO: [VRFC 10-311] analyzing module PWM
INFO: [VRFC 10-311] analyzing module fix_to_float_32bit
INFO: [VRFC 10-311] analyzing module float_to_fix_32bit
INFO: [VRFC 10-2263] Analyzing Verilog file "D:/codehub/VIVADO/VGA_RAM_try2/VGA_RAM_try1.srcs/sources_1/new/math_3D.v" into library xil_defaultlib
INFO: [VRFC 10-311] analyzing module math_3D
INFO: [VRFC 10-2263] Analyzing Verilog file "D:/codehub/VIVADO/VGA_RAM_try2/VGA_RAM_try1.srcs/sources_1/new/matrix_apply.v" into library xil_defaultlib
INFO: [VRFC 10-311] analyzing module matrix_apply
INFO: [VRFC 10-2263] Analyzing Verilog file "D:/codehub/VIVADO/VGA_RAM_try2/VGA_RAM_try1.srcs/sources_1/new/matrix_mul.v" into library xil_defaultlib
INFO: [VRFC 10-311] analyzing module matrix_mul
INFO: [VRFC 10-2263] Analyzing Verilog file "D:/codehub/VIVADO/VGA_RAM_try2/VGA_RAM_try1.srcs/sources_1/new/mul_32bit_SFIX.v" into library xil_defaultlib
INFO: [VRFC 10-311] analyzing module mul_32bit_SFIX
INFO: [VRFC 10-2263] Analyzing Verilog file "D:/codehub/VIVADO/VGA_RAM_try2/VGA_RAM_try1.srcs/sources_1/new/sin_32bit_SFIX.v" into library xil_defaultlib
INFO: [VRFC 10-311] analyzing module sin_32bit_SFIX
INFO: [VRFC 10-2263] Analyzing Verilog file "D:/codehub/VIVADO/VGA_RAM_try2/VGA_RAM_try1.srcs/sources_1/new/sub_32bit_SFIX.v" into library xil_defaultlib
INFO: [VRFC 10-311] analyzing module sub_32bit_SFIX
INFO: [VRFC 10-2263] Analyzing Verilog file "D:/codehub/VIVADO/VGA_RAM_try2/VGA_RAM_try1.srcs/sources_1/new/vector_dotproduct.v" into library xil_defaultlib
INFO: [VRFC 10-311] analyzing module vector_dotproduct
INFO: [VRFC 10-2263] Analyzing Verilog file "D:/codehub/VIVADO/VGA_RAM_try2/VGA_RAM_try1.srcs/TB3.v" into library xil_defaultlib
INFO: [VRFC 10-311] analyzing module TB3
